


ARM Macro Assembler    Page 1 


    1 00000000         ;/******************************************************
                       ********************//**
    2 00000000         ; * @file     startup_A31G12x.s
    3 00000000         ; * @brief    CMSIS Core Device Startup File for
    4 00000000         ; *           A31G12x Device Series
    5 00000000         ; * @version  V5.00
    6 00000000         ; * @date     02. March 2016
    7 00000000         ; ******************************************************
                       ************************/
    8 00000000         ;/*
    9 00000000         ; * Copyright (c) 2009-2016 ARM Limited. All rights rese
                       rved.
   10 00000000         ; *
   11 00000000         ; * SPDX-License-Identifier: Apache-2.0
   12 00000000         ; *
   13 00000000         ; * Licensed under the Apache License, Version 2.0 (the 
                       License); you may
   14 00000000         ; * not use this file except in compliance with the Lice
                       nse.
   15 00000000         ; * You may obtain a copy of the License at
   16 00000000         ; *
   17 00000000         ; * www.apache.org/licenses/LICENSE-2.0
   18 00000000         ; *
   19 00000000         ; * Unless required by applicable law or agreed to in wr
                       iting, software
   20 00000000         ; * distributed under the License is distributed on an A
                       S IS BASIS, WITHOUT
   21 00000000         ; * WARRANTIES OR CONDITIONS OF ANY KIND, either express
                        or implied.
   22 00000000         ; * See the License for the specific language governing 
                       permissions and
   23 00000000         ; * limitations under the License.
   24 00000000         ; */
   25 00000000         
   26 00000000         ;/*
   27 00000000         ;//-------- <<< Use Configuration Wizard in Context Menu
                        >>> ------------------
   28 00000000         ;*/
   29 00000000         
   30 00000000         
   31 00000000         ; <h> Stack Configuration
   32 00000000         ;   <o> Stack Size (in Bytes) <0x0-0xFFFFFFFF:8>
   33 00000000         ; </h>
   34 00000000         
   35 00000000 00000200 
                       Stack_Size
                               EQU              0x00000200
   36 00000000         
   37 00000000                 AREA             STACK, NOINIT, READWRITE, ALIGN
=3
   38 00000000         Stack_Mem
                               SPACE            Stack_Size
   39 00000200         __initial_sp
   40 00000200         
   41 00000200         
   42 00000200         ; <h> Heap Configuration
   43 00000200         ;   <o>  Heap Size (in Bytes) <0x0-0xFFFFFFFF:8>
   44 00000200         ; </h>
   45 00000200         



ARM Macro Assembler    Page 2 


   46 00000200 00000100 
                       Heap_Size
                               EQU              0x00000100
   47 00000200         
   48 00000200                 AREA             HEAP, NOINIT, READWRITE, ALIGN=
3
   49 00000000         __heap_base
   50 00000000         Heap_Mem
                               SPACE            Heap_Size
   51 00000100         __heap_limit
   52 00000100         
   53 00000100                 IMPORT           vPortSVCHandler
   54 00000100                 IMPORT           xPortPendSVHandler
   55 00000100                 IMPORT           xPortSysTickHandler
   56 00000100         
   57 00000100                 PRESERVE8
   58 00000100                 THUMB
   59 00000100         
   60 00000100         
   61 00000100         ; Vector Table Mapped to Address 0 at Reset
   62 00000100         
   63 00000100                 AREA             RESET, DATA, READONLY
   64 00000000                 EXPORT           __Vectors
   65 00000000                 EXPORT           __Vectors_End
   66 00000000                 EXPORT           __Vectors_Size
   67 00000000         
   68 00000000 00000000 
                       __Vectors
                               DCD              __initial_sp ; Top of Stack
   69 00000004 00000000        DCD              Reset_Handler ; Reset Handler
   70 00000008 00000000        DCD              NMI_Handler ; NMI Handler
   71 0000000C 00000000        DCD              HardFault_Handler ; Hard Fault 
                                                            Handler
   72 00000010 00000000        DCD              0           ; Reserved
   73 00000014 00000000        DCD              0           ; Reserved
   74 00000018 00000000        DCD              0           ; Reserved
   75 0000001C 00000000        DCD              0           ; Reserved
   76 00000020 00000000        DCD              0           ; Reserved
   77 00000024 00000000        DCD              0           ; Reserved
   78 00000028 00000000        DCD              0           ; Reserved
   79 0000002C 00000000        DCD              vPortSVCHandler 
                                                            ; SVCall Handler
   80 00000030 00000000        DCD              0           ; Reserved
   81 00000034 00000000        DCD              0           ; Reserved
   82 00000038 00000000        DCD              xPortPendSVHandler 
                                                            ; PendSV Handler
   83 0000003C 00000000        DCD              xPortSysTickHandler 
                                                            ; SysTick Handler
   84 00000040         
   85 00000040         ; External Interrupts
   86 00000040 00000000        DCD              LVI_Handler ; IRQ 0
   87 00000044 00000000        DCD              WUT_Handler ; IRQ 1
   88 00000048 00000000        DCD              WDT_Handler ; IRQ 2
   89 0000004C 00000000        DCD              EINT0_Handler ; IRQ 3
   90 00000050 00000000        DCD              EINT1_Handler ; IRQ 4
   91 00000054 00000000        DCD              EINT2_Handler ; IRQ 5
   92 00000058 00000000        DCD              EINT3_Handler ; IRQ 6
   93 0000005C 00000000        DCD              TIMER10_Handler ; IRQ 7
   94 00000060 00000000        DCD              TIMER11_Handler ; IRQ 8



ARM Macro Assembler    Page 3 


   95 00000064 00000000        DCD              TIMER12_Handler ; IRQ 9
   96 00000068 00000000        DCD              I2C0_Handler ; IRQ 10
   97 0000006C 00000000        DCD              USART10_Handler ; IRQ 11
   98 00000070 00000000        DCD              WT_Handler  ; IRQ 12
   99 00000074 00000000        DCD              TIMER30_Handler ; IRQ 13
  100 00000078 00000000        DCD              I2C1_Handler ; IRQ 14
  101 0000007C 00000000        DCD              TIMER20_Handler ; IRQ 15
  102 00000080 00000000        DCD              TIMER21_Handler ; IRQ 16
  103 00000084 00000000        DCD              USART11_Handler ; IRQ 17
  104 00000088 00000000        DCD              ADC_Handler ; IRQ 18
  105 0000008C 00000000        DCD              UART0_Handler ; IRQ 19
  106 00000090 00000000        DCD              UART1_Handler ; IRQ 20
  107 00000094 00000000        DCD              TIMER13_Handler ; IRQ 21
  108 00000098 00000000        DCD              TIMER14_Handler ; IRQ 22
  109 0000009C 00000000        DCD              TIMER15_Handler ; IRQ 23
  110 000000A0 00000000        DCD              TIMER16_Handler ; IRQ 24
  111 000000A4 00000000        DCD              I2C2_Handler ; IRQ 25
  112 000000A8 00000000        DCD              USART12_Handler ; IRQ 26
  113 000000AC 00000000        DCD              USART13_Handler ; IRQ 27
  114 000000B0         ;DCD     RESERVED_Handler          ; IRQ 28
  115 000000B0         ;DCD     RESERVED_Handler          ; IRQ 29
  116 000000B0         ;DCD     RESERVED_Handler          ; IRQ 30
  117 000000B0         ;DCD     RESERVED_Handler          ; IRQ 31
  118 000000B0         __Vectors_End
  119 000000B0         
  120 000000B0 000000B0 
                       __Vectors_Size
                               EQU              __Vectors_End - __Vectors
  121 000000B0         
  122 000000B0                 AREA             |.text|, CODE, READONLY
  123 00000000         
  124 00000000         
  125 00000000         ; Reset Handler
  126 00000000         
  127 00000000         Reset_Handler
                               PROC
  128 00000000                 EXPORT           Reset_Handler             [WEAK
]
  129 00000000                 IMPORT           SystemInit
  130 00000000                 IMPORT           __main
  131 00000000 4807            LDR              R0, =SystemInit
  132 00000002 4780            BLX              R0
  133 00000004 4807            LDR              R0, =__main
  134 00000006 4700            BX               R0
  135 00000008                 ENDP
  136 00000008         
  137 00000008         
  138 00000008         ; Dummy Exception Handlers (infinite loops which can be 
                       modified)
  139 00000008         
  140 00000008         NMI_Handler
                               PROC
  141 00000008                 EXPORT           NMI_Handler               [WEAK
]
  142 00000008 E7FE            B                .
  143 0000000A                 ENDP
  145 0000000A         HardFault_Handler
                               PROC
  146 0000000A                 EXPORT           HardFault_Handler         [WEAK



ARM Macro Assembler    Page 4 


]
  147 0000000A E7FE            B                .
  148 0000000C                 ENDP
  149 0000000C         SVC_Handler
                               PROC
  150 0000000C                 EXPORT           SVC_Handler               [WEAK
]
  151 0000000C E7FE            B                .
  152 0000000E                 ENDP
  153 0000000E         PendSV_Handler
                               PROC
  154 0000000E                 EXPORT           PendSV_Handler            [WEAK
]
  155 0000000E E7FE            B                .
  156 00000010                 ENDP
  157 00000010         SysTick_Handler
                               PROC
  158 00000010                 EXPORT           SysTick_Handler           [WEAK
]
  159 00000010 E7FE            B                .
  160 00000012                 ENDP
  161 00000012         
  162 00000012         DEVICE_Handler
                               PROC
  163 00000012         
  164 00000012                 EXPORT           LVI_Handler               [WEAK
]
  165 00000012                 EXPORT           WUT_Handler               [WEAK
]
  166 00000012                 EXPORT           WDT_Handler               [WEAK
]
  167 00000012                 EXPORT           EINT0_Handler             [WEAK
]
  168 00000012                 EXPORT           EINT1_Handler             [WEAK
]
  169 00000012                 EXPORT           EINT2_Handler             [WEAK
]
  170 00000012                 EXPORT           EINT3_Handler             [WEAK
]
  171 00000012                 EXPORT           TIMER10_Handler           [WEAK
]
  172 00000012                 EXPORT           TIMER11_Handler           [WEAK
]
  173 00000012                 EXPORT           TIMER12_Handler           [WEAK
]
  174 00000012                 EXPORT           I2C0_Handler              [WEAK
]
  175 00000012                 EXPORT           USART10_Handler           [WEAK
]
  176 00000012                 EXPORT           WT_Handler                [WEAK
]
  177 00000012                 EXPORT           TIMER30_Handler           [WEAK
]
  178 00000012                 EXPORT           I2C1_Handler              [WEAK
]
  179 00000012                 EXPORT           TIMER20_Handler           [WEAK
]
  180 00000012                 EXPORT           TIMER21_Handler           [WEAK
]



ARM Macro Assembler    Page 5 


  181 00000012                 EXPORT           USART11_Handler           [WEAK
]
  182 00000012                 EXPORT           ADC_Handler               [WEAK
]
  183 00000012                 EXPORT           UART0_Handler             [WEAK
]
  184 00000012                 EXPORT           UART1_Handler             [WEAK
]
  185 00000012                 EXPORT           TIMER13_Handler           [WEAK
]
  186 00000012                 EXPORT           TIMER14_Handler           [WEAK
]
  187 00000012                 EXPORT           TIMER15_Handler           [WEAK
]
  188 00000012                 EXPORT           TIMER16_Handler           [WEAK
]
  189 00000012                 EXPORT           I2C2_Handler              [WEAK
]
  190 00000012                 EXPORT           USART12_Handler           [WEAK
]
  191 00000012                 EXPORT           USART13_Handler           [WEAK
]
  192 00000012         
  193 00000012         LVI_Handler
  194 00000012         WUT_Handler
  195 00000012         WDT_Handler
  196 00000012         EINT0_Handler
  197 00000012         EINT1_Handler
  198 00000012         EINT2_Handler
  199 00000012         EINT3_Handler
  200 00000012         TIMER10_Handler
  201 00000012         TIMER11_Handler
  202 00000012         TIMER12_Handler
  203 00000012         I2C0_Handler
  204 00000012         USART10_Handler
  205 00000012         WT_Handler
  206 00000012         TIMER30_Handler
  207 00000012         I2C1_Handler
  208 00000012         TIMER20_Handler
  209 00000012         TIMER21_Handler
  210 00000012         USART11_Handler
  211 00000012         ADC_Handler
  212 00000012         UART0_Handler
  213 00000012         UART1_Handler
  214 00000012         TIMER13_Handler
  215 00000012         TIMER14_Handler
  216 00000012         TIMER15_Handler
  217 00000012         TIMER16_Handler
  218 00000012         I2C2_Handler
  219 00000012         USART12_Handler
  220 00000012         USART13_Handler
  221 00000012 E7FE            B                .
  222 00000014         
  223 00000014                 ENDP
  224 00000014         
  225 00000014         
  226 00000014                 ALIGN
  227 00000014         
  228 00000014         



ARM Macro Assembler    Page 6 


  229 00000014         ; User Initial Stack & Heap
  230 00000014         
  231 00000014                 IF               :DEF:__MICROLIB
  238 00000014         
  239 00000014                 IMPORT           __use_two_region_memory
  240 00000014                 EXPORT           __user_initial_stackheap
  241 00000014         
  242 00000014         __user_initial_stackheap
                               PROC
  243 00000014 4804            LDR              R0, =  Heap_Mem
  244 00000016 4905            LDR              R1, =(Stack_Mem + Stack_Size)
  245 00000018 4A05            LDR              R2, = (Heap_Mem +  Heap_Size)
  246 0000001A 4B06            LDR              R3, = Stack_Mem
  247 0000001C 4770            BX               LR
  248 0000001E                 ENDP
  249 0000001E         
  250 0000001E 00 00           ALIGN
  251 00000020         
  252 00000020                 ENDIF
  253 00000020         
  254 00000020         
  255 00000020                 END
              00000000 
              00000000 
              00000000 
              00000200 
              00000100 
              00000000 
Command Line: --debug --xref --diag_suppress=9931 --cpu=Cortex-M0+ --apcs=inter
work --depend=.\keil\out\startup_a31g12x.d -o.\keil\out\startup_a31g12x.o -IG:\
sg\proj\½Å¼ºeng\keil_v2.00\AppFreeRTOS\ss_eng_rtos\RTE -IC:\Keil\ARM\PACK\ARM\C
MSIS\5.6.0\CMSIS\Core\Include -IC:\Keil\ARM\PACK\ARM\CMSIS\5.6.0\Device\ARM\ARM
CM0plus\Include --predefine="__UVISION_VERSION SETA 515" --predefine="_RTE_ SET
A 1" --predefine="ARMCM0P SETA 1" --list=.\keil\lst\startup_a31g12x.lst ..\..\D
evice\Source\ARM\startup_A31G12x.s



ARM Macro Assembler    Page 1 Alphabetic symbol ordering
Relocatable symbols

STACK 00000000

Symbol: STACK
   Definitions
      At line 37 in file ..\..\Device\Source\ARM\startup_A31G12x.s
   Uses
      None
Comment: STACK unused
Stack_Mem 00000000

Symbol: Stack_Mem
   Definitions
      At line 38 in file ..\..\Device\Source\ARM\startup_A31G12x.s
   Uses
      At line 244 in file ..\..\Device\Source\ARM\startup_A31G12x.s
      At line 246 in file ..\..\Device\Source\ARM\startup_A31G12x.s

__initial_sp 00000200

Symbol: __initial_sp
   Definitions
      At line 39 in file ..\..\Device\Source\ARM\startup_A31G12x.s
   Uses
      At line 68 in file ..\..\Device\Source\ARM\startup_A31G12x.s
Comment: __initial_sp used once
3 symbols



ARM Macro Assembler    Page 1 Alphabetic symbol ordering
Relocatable symbols

HEAP 00000000

Symbol: HEAP
   Definitions
      At line 48 in file ..\..\Device\Source\ARM\startup_A31G12x.s
   Uses
      None
Comment: HEAP unused
Heap_Mem 00000000

Symbol: Heap_Mem
   Definitions
      At line 50 in file ..\..\Device\Source\ARM\startup_A31G12x.s
   Uses
      At line 243 in file ..\..\Device\Source\ARM\startup_A31G12x.s
      At line 245 in file ..\..\Device\Source\ARM\startup_A31G12x.s

__heap_base 00000000

Symbol: __heap_base
   Definitions
      At line 49 in file ..\..\Device\Source\ARM\startup_A31G12x.s
   Uses
      None
Comment: __heap_base unused
__heap_limit 00000100

Symbol: __heap_limit
   Definitions
      At line 51 in file ..\..\Device\Source\ARM\startup_A31G12x.s
   Uses
      None
Comment: __heap_limit unused
4 symbols



ARM Macro Assembler    Page 1 Alphabetic symbol ordering
Relocatable symbols

RESET 00000000

Symbol: RESET
   Definitions
      At line 63 in file ..\..\Device\Source\ARM\startup_A31G12x.s
   Uses
      None
Comment: RESET unused
__Vectors 00000000

Symbol: __Vectors
   Definitions
      At line 68 in file ..\..\Device\Source\ARM\startup_A31G12x.s
   Uses
      At line 64 in file ..\..\Device\Source\ARM\startup_A31G12x.s
      At line 120 in file ..\..\Device\Source\ARM\startup_A31G12x.s

__Vectors_End 000000B0

Symbol: __Vectors_End
   Definitions
      At line 118 in file ..\..\Device\Source\ARM\startup_A31G12x.s
   Uses
      At line 65 in file ..\..\Device\Source\ARM\startup_A31G12x.s
      At line 120 in file ..\..\Device\Source\ARM\startup_A31G12x.s

3 symbols



ARM Macro Assembler    Page 1 Alphabetic symbol ordering
Relocatable symbols

.text 00000000

Symbol: .text
   Definitions
      At line 122 in file ..\..\Device\Source\ARM\startup_A31G12x.s
   Uses
      None
Comment: .text unused
ADC_Handler 00000012

Symbol: ADC_Handler
   Definitions
      At line 211 in file ..\..\Device\Source\ARM\startup_A31G12x.s
   Uses
      At line 104 in file ..\..\Device\Source\ARM\startup_A31G12x.s
      At line 182 in file ..\..\Device\Source\ARM\startup_A31G12x.s

DEVICE_Handler 00000012

Symbol: DEVICE_Handler
   Definitions
      At line 162 in file ..\..\Device\Source\ARM\startup_A31G12x.s
   Uses
      None
Comment: DEVICE_Handler unused
EINT0_Handler 00000012

Symbol: EINT0_Handler
   Definitions
      At line 196 in file ..\..\Device\Source\ARM\startup_A31G12x.s
   Uses
      At line 89 in file ..\..\Device\Source\ARM\startup_A31G12x.s
      At line 167 in file ..\..\Device\Source\ARM\startup_A31G12x.s

EINT1_Handler 00000012

Symbol: EINT1_Handler
   Definitions
      At line 197 in file ..\..\Device\Source\ARM\startup_A31G12x.s
   Uses
      At line 90 in file ..\..\Device\Source\ARM\startup_A31G12x.s
      At line 168 in file ..\..\Device\Source\ARM\startup_A31G12x.s

EINT2_Handler 00000012

Symbol: EINT2_Handler
   Definitions
      At line 198 in file ..\..\Device\Source\ARM\startup_A31G12x.s
   Uses
      At line 91 in file ..\..\Device\Source\ARM\startup_A31G12x.s
      At line 169 in file ..\..\Device\Source\ARM\startup_A31G12x.s

EINT3_Handler 00000012

Symbol: EINT3_Handler
   Definitions
      At line 199 in file ..\..\Device\Source\ARM\startup_A31G12x.s
   Uses
      At line 92 in file ..\..\Device\Source\ARM\startup_A31G12x.s



ARM Macro Assembler    Page 2 Alphabetic symbol ordering
Relocatable symbols

      At line 170 in file ..\..\Device\Source\ARM\startup_A31G12x.s

HardFault_Handler 0000000A

Symbol: HardFault_Handler
   Definitions
      At line 145 in file ..\..\Device\Source\ARM\startup_A31G12x.s
   Uses
      At line 71 in file ..\..\Device\Source\ARM\startup_A31G12x.s
      At line 146 in file ..\..\Device\Source\ARM\startup_A31G12x.s

I2C0_Handler 00000012

Symbol: I2C0_Handler
   Definitions
      At line 203 in file ..\..\Device\Source\ARM\startup_A31G12x.s
   Uses
      At line 96 in file ..\..\Device\Source\ARM\startup_A31G12x.s
      At line 174 in file ..\..\Device\Source\ARM\startup_A31G12x.s

I2C1_Handler 00000012

Symbol: I2C1_Handler
   Definitions
      At line 207 in file ..\..\Device\Source\ARM\startup_A31G12x.s
   Uses
      At line 100 in file ..\..\Device\Source\ARM\startup_A31G12x.s
      At line 178 in file ..\..\Device\Source\ARM\startup_A31G12x.s

I2C2_Handler 00000012

Symbol: I2C2_Handler
   Definitions
      At line 218 in file ..\..\Device\Source\ARM\startup_A31G12x.s
   Uses
      At line 111 in file ..\..\Device\Source\ARM\startup_A31G12x.s
      At line 189 in file ..\..\Device\Source\ARM\startup_A31G12x.s

LVI_Handler 00000012

Symbol: LVI_Handler
   Definitions
      At line 193 in file ..\..\Device\Source\ARM\startup_A31G12x.s
   Uses
      At line 86 in file ..\..\Device\Source\ARM\startup_A31G12x.s
      At line 164 in file ..\..\Device\Source\ARM\startup_A31G12x.s

NMI_Handler 00000008

Symbol: NMI_Handler
   Definitions
      At line 140 in file ..\..\Device\Source\ARM\startup_A31G12x.s
   Uses
      At line 70 in file ..\..\Device\Source\ARM\startup_A31G12x.s
      At line 141 in file ..\..\Device\Source\ARM\startup_A31G12x.s

PendSV_Handler 0000000E

Symbol: PendSV_Handler



ARM Macro Assembler    Page 3 Alphabetic symbol ordering
Relocatable symbols

   Definitions
      At line 153 in file ..\..\Device\Source\ARM\startup_A31G12x.s
   Uses
      At line 154 in file ..\..\Device\Source\ARM\startup_A31G12x.s
Comment: PendSV_Handler used once
Reset_Handler 00000000

Symbol: Reset_Handler
   Definitions
      At line 127 in file ..\..\Device\Source\ARM\startup_A31G12x.s
   Uses
      At line 69 in file ..\..\Device\Source\ARM\startup_A31G12x.s
      At line 128 in file ..\..\Device\Source\ARM\startup_A31G12x.s

SVC_Handler 0000000C

Symbol: SVC_Handler
   Definitions
      At line 149 in file ..\..\Device\Source\ARM\startup_A31G12x.s
   Uses
      At line 150 in file ..\..\Device\Source\ARM\startup_A31G12x.s
Comment: SVC_Handler used once
SysTick_Handler 00000010

Symbol: SysTick_Handler
   Definitions
      At line 157 in file ..\..\Device\Source\ARM\startup_A31G12x.s
   Uses
      At line 158 in file ..\..\Device\Source\ARM\startup_A31G12x.s
Comment: SysTick_Handler used once
TIMER10_Handler 00000012

Symbol: TIMER10_Handler
   Definitions
      At line 200 in file ..\..\Device\Source\ARM\startup_A31G12x.s
   Uses
      At line 93 in file ..\..\Device\Source\ARM\startup_A31G12x.s
      At line 171 in file ..\..\Device\Source\ARM\startup_A31G12x.s

TIMER11_Handler 00000012

Symbol: TIMER11_Handler
   Definitions
      At line 201 in file ..\..\Device\Source\ARM\startup_A31G12x.s
   Uses
      At line 94 in file ..\..\Device\Source\ARM\startup_A31G12x.s
      At line 172 in file ..\..\Device\Source\ARM\startup_A31G12x.s

TIMER12_Handler 00000012

Symbol: TIMER12_Handler
   Definitions
      At line 202 in file ..\..\Device\Source\ARM\startup_A31G12x.s
   Uses
      At line 95 in file ..\..\Device\Source\ARM\startup_A31G12x.s
      At line 173 in file ..\..\Device\Source\ARM\startup_A31G12x.s

TIMER13_Handler 00000012




ARM Macro Assembler    Page 4 Alphabetic symbol ordering
Relocatable symbols

Symbol: TIMER13_Handler
   Definitions
      At line 214 in file ..\..\Device\Source\ARM\startup_A31G12x.s
   Uses
      At line 107 in file ..\..\Device\Source\ARM\startup_A31G12x.s
      At line 185 in file ..\..\Device\Source\ARM\startup_A31G12x.s

TIMER14_Handler 00000012

Symbol: TIMER14_Handler
   Definitions
      At line 215 in file ..\..\Device\Source\ARM\startup_A31G12x.s
   Uses
      At line 108 in file ..\..\Device\Source\ARM\startup_A31G12x.s
      At line 186 in file ..\..\Device\Source\ARM\startup_A31G12x.s

TIMER15_Handler 00000012

Symbol: TIMER15_Handler
   Definitions
      At line 216 in file ..\..\Device\Source\ARM\startup_A31G12x.s
   Uses
      At line 109 in file ..\..\Device\Source\ARM\startup_A31G12x.s
      At line 187 in file ..\..\Device\Source\ARM\startup_A31G12x.s

TIMER16_Handler 00000012

Symbol: TIMER16_Handler
   Definitions
      At line 217 in file ..\..\Device\Source\ARM\startup_A31G12x.s
   Uses
      At line 110 in file ..\..\Device\Source\ARM\startup_A31G12x.s
      At line 188 in file ..\..\Device\Source\ARM\startup_A31G12x.s

TIMER20_Handler 00000012

Symbol: TIMER20_Handler
   Definitions
      At line 208 in file ..\..\Device\Source\ARM\startup_A31G12x.s
   Uses
      At line 101 in file ..\..\Device\Source\ARM\startup_A31G12x.s
      At line 179 in file ..\..\Device\Source\ARM\startup_A31G12x.s

TIMER21_Handler 00000012

Symbol: TIMER21_Handler
   Definitions
      At line 209 in file ..\..\Device\Source\ARM\startup_A31G12x.s
   Uses
      At line 102 in file ..\..\Device\Source\ARM\startup_A31G12x.s
      At line 180 in file ..\..\Device\Source\ARM\startup_A31G12x.s

TIMER30_Handler 00000012

Symbol: TIMER30_Handler
   Definitions
      At line 206 in file ..\..\Device\Source\ARM\startup_A31G12x.s
   Uses
      At line 99 in file ..\..\Device\Source\ARM\startup_A31G12x.s



ARM Macro Assembler    Page 5 Alphabetic symbol ordering
Relocatable symbols

      At line 177 in file ..\..\Device\Source\ARM\startup_A31G12x.s

UART0_Handler 00000012

Symbol: UART0_Handler
   Definitions
      At line 212 in file ..\..\Device\Source\ARM\startup_A31G12x.s
   Uses
      At line 105 in file ..\..\Device\Source\ARM\startup_A31G12x.s
      At line 183 in file ..\..\Device\Source\ARM\startup_A31G12x.s

UART1_Handler 00000012

Symbol: UART1_Handler
   Definitions
      At line 213 in file ..\..\Device\Source\ARM\startup_A31G12x.s
   Uses
      At line 106 in file ..\..\Device\Source\ARM\startup_A31G12x.s
      At line 184 in file ..\..\Device\Source\ARM\startup_A31G12x.s

USART10_Handler 00000012

Symbol: USART10_Handler
   Definitions
      At line 204 in file ..\..\Device\Source\ARM\startup_A31G12x.s
   Uses
      At line 97 in file ..\..\Device\Source\ARM\startup_A31G12x.s
      At line 175 in file ..\..\Device\Source\ARM\startup_A31G12x.s

USART11_Handler 00000012

Symbol: USART11_Handler
   Definitions
      At line 210 in file ..\..\Device\Source\ARM\startup_A31G12x.s
   Uses
      At line 103 in file ..\..\Device\Source\ARM\startup_A31G12x.s
      At line 181 in file ..\..\Device\Source\ARM\startup_A31G12x.s

USART12_Handler 00000012

Symbol: USART12_Handler
   Definitions
      At line 219 in file ..\..\Device\Source\ARM\startup_A31G12x.s
   Uses
      At line 112 in file ..\..\Device\Source\ARM\startup_A31G12x.s
      At line 190 in file ..\..\Device\Source\ARM\startup_A31G12x.s

USART13_Handler 00000012

Symbol: USART13_Handler
   Definitions
      At line 220 in file ..\..\Device\Source\ARM\startup_A31G12x.s
   Uses
      At line 113 in file ..\..\Device\Source\ARM\startup_A31G12x.s
      At line 191 in file ..\..\Device\Source\ARM\startup_A31G12x.s

WDT_Handler 00000012

Symbol: WDT_Handler



ARM Macro Assembler    Page 6 Alphabetic symbol ordering
Relocatable symbols

   Definitions
      At line 195 in file ..\..\Device\Source\ARM\startup_A31G12x.s
   Uses
      At line 88 in file ..\..\Device\Source\ARM\startup_A31G12x.s
      At line 166 in file ..\..\Device\Source\ARM\startup_A31G12x.s

WT_Handler 00000012

Symbol: WT_Handler
   Definitions
      At line 205 in file ..\..\Device\Source\ARM\startup_A31G12x.s
   Uses
      At line 98 in file ..\..\Device\Source\ARM\startup_A31G12x.s
      At line 176 in file ..\..\Device\Source\ARM\startup_A31G12x.s

WUT_Handler 00000012

Symbol: WUT_Handler
   Definitions
      At line 194 in file ..\..\Device\Source\ARM\startup_A31G12x.s
   Uses
      At line 87 in file ..\..\Device\Source\ARM\startup_A31G12x.s
      At line 165 in file ..\..\Device\Source\ARM\startup_A31G12x.s

__user_initial_stackheap 00000014

Symbol: __user_initial_stackheap
   Definitions
      At line 242 in file ..\..\Device\Source\ARM\startup_A31G12x.s
   Uses
      At line 240 in file ..\..\Device\Source\ARM\startup_A31G12x.s
Comment: __user_initial_stackheap used once
37 symbols



ARM Macro Assembler    Page 1 Alphabetic symbol ordering
Absolute symbols

Heap_Size 00000100

Symbol: Heap_Size
   Definitions
      At line 46 in file ..\..\Device\Source\ARM\startup_A31G12x.s
   Uses
      At line 50 in file ..\..\Device\Source\ARM\startup_A31G12x.s
      At line 245 in file ..\..\Device\Source\ARM\startup_A31G12x.s

Stack_Size 00000200

Symbol: Stack_Size
   Definitions
      At line 35 in file ..\..\Device\Source\ARM\startup_A31G12x.s
   Uses
      At line 38 in file ..\..\Device\Source\ARM\startup_A31G12x.s
      At line 244 in file ..\..\Device\Source\ARM\startup_A31G12x.s

__Vectors_Size 000000B0

Symbol: __Vectors_Size
   Definitions
      At line 120 in file ..\..\Device\Source\ARM\startup_A31G12x.s
   Uses
      At line 66 in file ..\..\Device\Source\ARM\startup_A31G12x.s
Comment: __Vectors_Size used once
3 symbols



ARM Macro Assembler    Page 1 Alphabetic symbol ordering
External symbols

SystemInit 00000000

Symbol: SystemInit
   Definitions
      At line 129 in file ..\..\Device\Source\ARM\startup_A31G12x.s
   Uses
      At line 131 in file ..\..\Device\Source\ARM\startup_A31G12x.s
Comment: SystemInit used once
__main 00000000

Symbol: __main
   Definitions
      At line 130 in file ..\..\Device\Source\ARM\startup_A31G12x.s
   Uses
      At line 133 in file ..\..\Device\Source\ARM\startup_A31G12x.s
Comment: __main used once
__use_two_region_memory 00000000

Symbol: __use_two_region_memory
   Definitions
      At line 239 in file ..\..\Device\Source\ARM\startup_A31G12x.s
   Uses
      None
Comment: __use_two_region_memory unused
vPortSVCHandler 00000000

Symbol: vPortSVCHandler
   Definitions
      At line 53 in file ..\..\Device\Source\ARM\startup_A31G12x.s
   Uses
      At line 79 in file ..\..\Device\Source\ARM\startup_A31G12x.s
Comment: vPortSVCHandler used once
xPortPendSVHandler 00000000

Symbol: xPortPendSVHandler
   Definitions
      At line 54 in file ..\..\Device\Source\ARM\startup_A31G12x.s
   Uses
      At line 82 in file ..\..\Device\Source\ARM\startup_A31G12x.s
Comment: xPortPendSVHandler used once
xPortSysTickHandler 00000000

Symbol: xPortSysTickHandler
   Definitions
      At line 55 in file ..\..\Device\Source\ARM\startup_A31G12x.s
   Uses
      At line 83 in file ..\..\Device\Source\ARM\startup_A31G12x.s
Comment: xPortSysTickHandler used once
6 symbols
393 symbols in table
